<?xml version="1.0" encoding="UTF-8"?>
<!-- Generated by org.testng.reporters.JUnitXMLReporter -->
<testsuite hostname="DESKTOP-2NB5M8O" name="Default test" tests="9" failures="0" timestamp="30 Aug 2019 19:03:02 GMT" time="69.933" errors="0">
  <testcase name="searchTourTest" time="11.495" classname="application.TourTest"/>
  <testcase name="reviewTour" time="1.855" classname="application.TourTest"/>
  <testcase name="bookTourwithoutFirstNameTest" time="6.618" classname="application.TourTest"/>
  <testcase name="bookTourwithInvalidEmailTest" time="3.481" classname="application.TourTest"/>
  <testcase name="bookTourwithWrongConfirmEmailTest" time="3.871" classname="application.TourTest"/>
  <testcase name="bookTourwithoutConfirmEmailTest" time="3.461" classname="application.TourTest"/>
  <testcase name="bookTourwithoutEmailTest" time="2.941" classname="application.TourTest"/>
  <testcase name="bookTourwithoutLasttNameTest" time="4.479" classname="application.TourTest"/>
  <testcase name="bookTourSuccessfully" time="7.979" classname="application.TourTest"/>
</testsuite> <!-- Default test -->
