<?xml version="1.0" encoding="UTF-8"?>
<!-- Generated by org.testng.reporters.JUnitXMLReporter -->
<testsuite hostname="DESKTOP-2NB5M8O" name="Default test" tests="3" failures="0" timestamp="29 Aug 2019 16:20:11 GMT" time="23.899" errors="0">
  <testcase name="invalidEmailTest" time="0.66" classname="application.SignInTest"/>
  <testcase name="invalidPasswordTest" time="0.844" classname="application.SignInTest"/>
  <testcase name="validTest" time="0.408" classname="application.SignInTest"/>
</testsuite> <!-- Default test -->
