<?xml version="1.0" encoding="UTF-8"?>
<!-- Generated by org.testng.reporters.JUnitXMLReporter -->
<testsuite hostname="DESKTOP-2NB5M8O" name="Default test" tests="9" failures="0" timestamp="31 Aug 2019 12:22:38 GMT" time="79.659" errors="0">
  <testcase name="searchCarTest" time="5.24" classname="application.CarBookingTest"/>
  <testcase name="selectCar" time="6.843" classname="application.CarBookingTest"/>
  <testcase name="bookCarwithoutFirstNameTest" time="6.959" classname="application.CarBookingTest"/>
  <testcase name="bookCarwithInvalidEmailTest" time="3.934" classname="application.CarBookingTest"/>
  <testcase name="bookCarwithWrongConfirmEmailTest" time="3.577" classname="application.CarBookingTest"/>
  <testcase name="bookCarwithoutConfirmEmailTest" time="3.622" classname="application.CarBookingTest"/>
  <testcase name="bookCarwithoutEmailTest" time="3.606" classname="application.CarBookingTest"/>
  <testcase name="bookCarwithoutLasttNameTest" time="4.724" classname="application.CarBookingTest"/>
  <testcase name="bookCarSuccessfully" time="7.64" classname="application.CarBookingTest"/>
</testsuite> <!-- Default test -->
