<?xml version="1.0" encoding="UTF-8"?>
<!-- Generated by org.testng.reporters.JUnitXMLReporter -->
<testsuite hostname="DESKTOP-2NB5M8O" name="Default test" tests="7" failures="0" timestamp="30 Aug 2019 17:50:35 GMT" time="61.482" errors="0">
  <testcase name="searchTourTest" time="11.832" classname="application.TourTest"/>
  <testcase name="bookTourwithoutFirstNameTest" time="7.353" classname="application.TourTest"/>
  <testcase name="bookTourwithWrongConfirmEmail" time="5.253" classname="application.TourTest"/>
  <testcase name="bookTourwithoutConfirmEmail" time="3.684" classname="application.TourTest"/>
  <testcase name="bookTourwithoutEmailTest" time="3.684" classname="application.TourTest"/>
  <testcase name="bookTourwithoutLasttNameTest" time="3.433" classname="application.TourTest"/>
  <testcase name="bookTourSuccessfully" time="2.995" classname="application.TourTest"/>
</testsuite> <!-- Default test -->
