<?xml version="1.0" encoding="UTF-8"?>
<!-- Generated by org.testng.reporters.JUnitXMLReporter -->
<testsuite hostname="DESKTOP-2NB5M8O" name="Default test" tests="9" failures="0" timestamp="31 Aug 2019 09:16:54 GMT" time="91.417" errors="0">
  <testcase name="searchTourTest" time="13.153" classname="application.TourTest"/>
  <testcase name="reviewTour" time="2.285" classname="application.TourTest"/>
  <testcase name="bookTourwithoutFirstNameTest" time="7.947" classname="application.TourTest"/>
  <testcase name="bookTourwithInvalidEmailTest" time="4.385" classname="application.TourTest"/>
  <testcase name="bookTourwithWrongConfirmEmailTest" time="4.511" classname="application.TourTest"/>
  <testcase name="bookTourwithoutConfirmEmailTest" time="3.584" classname="application.TourTest"/>
  <testcase name="bookTourwithoutEmailTest" time="3.836" classname="application.TourTest"/>
  <testcase name="bookTourwithoutLasttNameTest" time="5.249" classname="application.TourTest"/>
  <testcase name="bookTourSuccessfully" time="9.63" classname="application.TourTest"/>
</testsuite> <!-- Default test -->
