<?xml version="1.0" encoding="UTF-8"?>
<!-- Generated by org.testng.reporters.JUnitXMLReporter -->
<testsuite hostname="DESKTOP-2NB5M8O" name="Default test" tests="3" failures="0" timestamp="31 Aug 2019 12:59:29 GMT" time="20.24" errors="0">
  <testcase name="invalidEmailTest" time="0.629" classname="application.SignInTest"/>
  <testcase name="invalidPasswordTest" time="0.709" classname="application.SignInTest"/>
  <testcase name="validTest" time="0.399" classname="application.SignInTest"/>
</testsuite> <!-- Default test -->
