<?xml version="1.0" encoding="UTF-8"?>
<!-- Generated by org.testng.reporters.JUnitXMLReporter -->
<testsuite hostname="DESKTOP-2NB5M8O" name="Default test" tests="4" failures="0" timestamp="31 Aug 2019 11:37:59 GMT" time="58.533" errors="0">
  <testcase name="searchCarTest" time="4.994" classname="application.CarBookingTest"/>
  <testcase name="selectCar" time="8.481" classname="application.CarBookingTest"/>
  <testcase name="bookCarwithoutFirstNameTest" time="6.762" classname="application.CarBookingTest"/>
  <testcase name="bookTourwithoutLasttNameTest" time="5.062" classname="application.CarBookingTest"/>
</testsuite> <!-- Default test -->
