<?xml version="1.0" encoding="UTF-8"?>
<!-- Generated by org.testng.reporters.JUnitXMLReporter -->
<testsuite hostname="DESKTOP-2NB5M8O" name="Default test" tests="3" failures="0" timestamp="31 Aug 2019 09:46:41 GMT" time="75.982" errors="0">
  <testcase name="searchHotel" time="41.142" classname="application.HotelBookingTest"/>
  <testcase name="selectHotel" time="6.131" classname="application.HotelBookingTest"/>
  <testcase name="bookHotel" time="5.293" classname="application.HotelBookingTest"/>
</testsuite> <!-- Default test -->
