<?xml version="1.0" encoding="UTF-8"?>
<!-- Generated by org.testng.reporters.JUnitXMLReporter -->
<testsuite hostname="DESKTOP-2NB5M8O" name="Default test" tests="4" failures="0" timestamp="30 Aug 2019 17:40:45 GMT" time="51.654" errors="0">
  <testcase name="searchTourTest" time="12.445" classname="application.TourTest"/>
  <testcase name="bookTourwithoutFirstNameTest" time="6.863" classname="application.TourTest"/>
  <testcase name="bookTourwithouTEmail" time="3.948" classname="application.TourTest"/>
  <testcase name="bookTourwithoutLasttNameTest" time="4.931" classname="application.TourTest"/>
</testsuite> <!-- Default test -->
