<?xml version="1.0" encoding="UTF-8"?>
<testng-results skipped="0" failed="0" total="3" passed="3">
  <reporter-output>
  </reporter-output>
  <suite name="Default suite" duration-ms="73612" started-at="2019-08-29T19:21:12Z" finished-at="2019-08-29T19:22:26Z">
    <groups>
    </groups>
    <test name="Default test" duration-ms="73612" started-at="2019-08-29T19:21:12Z" finished-at="2019-08-29T19:22:26Z">
      <class name="application.HotelBookingTest">
        <test-method status="PASS" signature="invokeBrowser()[pri:0, instance:application.HotelBookingTest@6cc4c815]" name="invokeBrowser" is-config="true" duration-ms="23401" started-at="2019-08-30T01:21:12Z" finished-at="2019-08-30T01:21:36Z">
          <reporter-output>
          </reporter-output>
        </test-method> <!-- invokeBrowser -->
        <test-method status="PASS" signature="setup()[pri:0, instance:application.HotelBookingTest@6cc4c815]" name="setup" is-config="true" duration-ms="5" started-at="2019-08-30T01:21:36Z" finished-at="2019-08-30T01:21:36Z">
          <reporter-output>
          </reporter-output>
        </test-method> <!-- setup -->
        <test-method status="PASS" signature="searchHotel()[pri:0, instance:application.HotelBookingTest@6cc4c815]" name="searchHotel" duration-ms="40951" started-at="2019-08-30T01:21:36Z" finished-at="2019-08-30T01:22:17Z">
          <reporter-output>
          </reporter-output>
        </test-method> <!-- searchHotel -->
        <test-method status="PASS" signature="setup()[pri:0, instance:application.HotelBookingTest@6cc4c815]" name="setup" is-config="true" duration-ms="7" started-at="2019-08-30T01:22:17Z" finished-at="2019-08-30T01:22:17Z">
          <reporter-output>
          </reporter-output>
        </test-method> <!-- setup -->
        <test-method status="PASS" signature="selectHotel()[pri:1, instance:application.HotelBookingTest@6cc4c815]" name="selectHotel" duration-ms="4337" started-at="2019-08-30T01:22:17Z" finished-at="2019-08-30T01:22:21Z">
          <reporter-output>
          </reporter-output>
        </test-method> <!-- selectHotel -->
        <test-method status="PASS" signature="setup()[pri:0, instance:application.HotelBookingTest@6cc4c815]" name="setup" is-config="true" duration-ms="9" started-at="2019-08-30T01:22:21Z" finished-at="2019-08-30T01:22:21Z">
          <reporter-output>
          </reporter-output>
        </test-method> <!-- setup -->
        <test-method status="PASS" signature="bookHotel()[pri:2, instance:application.HotelBookingTest@6cc4c815]" name="bookHotel" duration-ms="4870" started-at="2019-08-30T01:22:21Z" finished-at="2019-08-30T01:22:26Z">
          <reporter-output>
          </reporter-output>
        </test-method> <!-- bookHotel -->
      </class> <!-- application.HotelBookingTest -->
    </test> <!-- Default test -->
  </suite> <!-- Default suite -->
</testng-results>
