<?xml version="1.0" encoding="UTF-8"?>
<testng-results skipped="0" failed="1" total="10" passed="9">
  <reporter-output>
  </reporter-output>
  <suite name="Default suite" duration-ms="33661" started-at="2019-08-28T19:48:30Z" finished-at="2019-08-28T19:49:04Z">
    <groups>
    </groups>
    <test name="Default test" duration-ms="33661" started-at="2019-08-28T19:48:30Z" finished-at="2019-08-28T19:49:04Z">
      <class name="application.SignUpTest">
        <test-method status="PASS" signature="invokeBrowser()[pri:0, instance:application.SignUpTest@100fc185]" name="invokeBrowser" is-config="true" duration-ms="14942" started-at="2019-08-29T01:48:30Z" finished-at="2019-08-29T01:48:45Z">
          <reporter-output>
          </reporter-output>
        </test-method> <!-- invokeBrowser -->
        <test-method status="PASS" signature="setup()[pri:0, instance:application.SignUpTest@100fc185]" name="setup" is-config="true" duration-ms="1056" started-at="2019-08-29T01:48:45Z" finished-at="2019-08-29T01:48:46Z">
          <reporter-output>
          </reporter-output>
        </test-method> <!-- setup -->
        <test-method status="PASS" signature="invalidEmailTest()[pri:0, instance:application.SignUpTest@100fc185]" name="invalidEmailTest" duration-ms="1015" started-at="2019-08-29T01:48:46Z" finished-at="2019-08-29T01:48:47Z">
          <reporter-output>
          </reporter-output>
        </test-method> <!-- invalidEmailTest -->
        <test-method status="PASS" signature="tearDown()[pri:0, instance:application.SignUpTest@100fc185]" name="tearDown" is-config="true" duration-ms="1" started-at="2019-08-29T01:48:47Z" finished-at="2019-08-29T01:48:47Z">
          <reporter-output>
          </reporter-output>
        </test-method> <!-- tearDown -->
        <test-method status="PASS" signature="setup()[pri:0, instance:application.SignUpTest@100fc185]" name="setup" is-config="true" duration-ms="1015" started-at="2019-08-29T01:48:47Z" finished-at="2019-08-29T01:48:48Z">
          <reporter-output>
          </reporter-output>
        </test-method> <!-- setup -->
        <test-method status="PASS" signature="noConfirmPasswordTest()[pri:0, instance:application.SignUpTest@100fc185]" name="noConfirmPasswordTest" duration-ms="847" started-at="2019-08-29T01:48:48Z" finished-at="2019-08-29T01:48:49Z">
          <reporter-output>
          </reporter-output>
        </test-method> <!-- noConfirmPasswordTest -->
        <test-method status="PASS" signature="tearDown()[pri:0, instance:application.SignUpTest@100fc185]" name="tearDown" is-config="true" duration-ms="0" started-at="2019-08-29T01:48:49Z" finished-at="2019-08-29T01:48:49Z">
          <reporter-output>
          </reporter-output>
        </test-method> <!-- tearDown -->
        <test-method status="PASS" signature="setup()[pri:0, instance:application.SignUpTest@100fc185]" name="setup" is-config="true" duration-ms="1018" started-at="2019-08-29T01:48:49Z" finished-at="2019-08-29T01:48:50Z">
          <reporter-output>
          </reporter-output>
        </test-method> <!-- setup -->
        <test-method status="PASS" signature="noEmailTest()[pri:0, instance:application.SignUpTest@100fc185]" name="noEmailTest" duration-ms="799" started-at="2019-08-29T01:48:50Z" finished-at="2019-08-29T01:48:51Z">
          <reporter-output>
          </reporter-output>
        </test-method> <!-- noEmailTest -->
        <test-method status="PASS" signature="tearDown()[pri:0, instance:application.SignUpTest@100fc185]" name="tearDown" is-config="true" duration-ms="0" started-at="2019-08-29T01:48:51Z" finished-at="2019-08-29T01:48:51Z">
          <reporter-output>
          </reporter-output>
        </test-method> <!-- tearDown -->
        <test-method status="PASS" signature="setup()[pri:0, instance:application.SignUpTest@100fc185]" name="setup" is-config="true" duration-ms="1022" started-at="2019-08-29T01:48:51Z" finished-at="2019-08-29T01:48:52Z">
          <reporter-output>
          </reporter-output>
        </test-method> <!-- setup -->
        <test-method status="PASS" signature="noFirstNameTest()[pri:0, instance:application.SignUpTest@100fc185]" name="noFirstNameTest" duration-ms="850" started-at="2019-08-29T01:48:52Z" finished-at="2019-08-29T01:48:53Z">
          <reporter-output>
          </reporter-output>
        </test-method> <!-- noFirstNameTest -->
        <test-method status="PASS" signature="tearDown()[pri:0, instance:application.SignUpTest@100fc185]" name="tearDown" is-config="true" duration-ms="1" started-at="2019-08-29T01:48:53Z" finished-at="2019-08-29T01:48:53Z">
          <reporter-output>
          </reporter-output>
        </test-method> <!-- tearDown -->
        <test-method status="PASS" signature="setup()[pri:0, instance:application.SignUpTest@100fc185]" name="setup" is-config="true" duration-ms="957" started-at="2019-08-29T01:48:53Z" finished-at="2019-08-29T01:48:54Z">
          <reporter-output>
          </reporter-output>
        </test-method> <!-- setup -->
        <test-method status="PASS" signature="noInputTest()[pri:0, instance:application.SignUpTest@100fc185]" name="noInputTest" duration-ms="421" started-at="2019-08-29T01:48:54Z" finished-at="2019-08-29T01:48:54Z">
          <reporter-output>
          </reporter-output>
        </test-method> <!-- noInputTest -->
        <test-method status="PASS" signature="tearDown()[pri:0, instance:application.SignUpTest@100fc185]" name="tearDown" is-config="true" duration-ms="0" started-at="2019-08-29T01:48:54Z" finished-at="2019-08-29T01:48:54Z">
          <reporter-output>
          </reporter-output>
        </test-method> <!-- tearDown -->
        <test-method status="PASS" signature="setup()[pri:0, instance:application.SignUpTest@100fc185]" name="setup" is-config="true" duration-ms="941" started-at="2019-08-29T01:48:54Z" finished-at="2019-08-29T01:48:55Z">
          <reporter-output>
          </reporter-output>
        </test-method> <!-- setup -->
        <test-method status="PASS" signature="noLastNameTest()[pri:0, instance:application.SignUpTest@100fc185]" name="noLastNameTest" duration-ms="887" started-at="2019-08-29T01:48:55Z" finished-at="2019-08-29T01:48:56Z">
          <reporter-output>
          </reporter-output>
        </test-method> <!-- noLastNameTest -->
        <test-method status="PASS" signature="tearDown()[pri:0, instance:application.SignUpTest@100fc185]" name="tearDown" is-config="true" duration-ms="0" started-at="2019-08-29T01:48:56Z" finished-at="2019-08-29T01:48:56Z">
          <reporter-output>
          </reporter-output>
        </test-method> <!-- tearDown -->
        <test-method status="PASS" signature="setup()[pri:0, instance:application.SignUpTest@100fc185]" name="setup" is-config="true" duration-ms="1016" started-at="2019-08-29T01:48:56Z" finished-at="2019-08-29T01:48:57Z">
          <reporter-output>
          </reporter-output>
        </test-method> <!-- setup -->
        <test-method status="PASS" signature="noPasswordTest()[pri:0, instance:application.SignUpTest@100fc185]" name="noPasswordTest" duration-ms="881" started-at="2019-08-29T01:48:57Z" finished-at="2019-08-29T01:48:58Z">
          <reporter-output>
          </reporter-output>
        </test-method> <!-- noPasswordTest -->
        <test-method status="PASS" signature="tearDown()[pri:0, instance:application.SignUpTest@100fc185]" name="tearDown" is-config="true" duration-ms="1" started-at="2019-08-29T01:48:58Z" finished-at="2019-08-29T01:48:58Z">
          <reporter-output>
          </reporter-output>
        </test-method> <!-- tearDown -->
        <test-method status="PASS" signature="setup()[pri:0, instance:application.SignUpTest@100fc185]" name="setup" is-config="true" duration-ms="1083" started-at="2019-08-29T01:48:58Z" finished-at="2019-08-29T01:48:59Z">
          <reporter-output>
          </reporter-output>
        </test-method> <!-- setup -->
        <test-method status="FAIL" signature="noPhoneTest()[pri:0, instance:application.SignUpTest@100fc185]" name="noPhoneTest" duration-ms="817" started-at="2019-08-29T01:48:59Z" finished-at="2019-08-29T01:49:00Z">
          <exception class="java.lang.AssertionError">
            <message>
              <![CDATA[expected [The Phone field is required.] but found [The Password field is required.]]]>
            </message>
            <full-stacktrace>
              <![CDATA[java.lang.AssertionError: expected [The Phone field is required.] but found [The Password field is required.]
	at org.testng.Assert.fail(Assert.java:94)
	at org.testng.Assert.failNotEquals(Assert.java:513)
	at org.testng.Assert.assertEqualsImpl(Assert.java:135)
	at org.testng.Assert.assertEquals(Assert.java:116)
	at org.testng.Assert.assertEquals(Assert.java:190)
	at org.testng.Assert.assertEquals(Assert.java:200)
	at application.SignUpTest.scrollUpandGetWarningTextandAssert(SignUpTest.java:51)
	at application.SignUpTest.noPhoneTest(SignUpTest.java:111)
	at sun.reflect.NativeMethodAccessorImpl.invoke0(Native Method)
	at sun.reflect.NativeMethodAccessorImpl.invoke(Unknown Source)
	at sun.reflect.DelegatingMethodAccessorImpl.invoke(Unknown Source)
	at java.lang.reflect.Method.invoke(Unknown Source)
	at org.testng.internal.MethodInvocationHelper.invokeMethod(MethodInvocationHelper.java:100)
	at org.testng.internal.Invoker.invokeMethod(Invoker.java:646)
	at org.testng.internal.Invoker.invokeTestMethod(Invoker.java:811)
	at org.testng.internal.Invoker.invokeTestMethods(Invoker.java:1129)
	at org.testng.internal.TestMethodWorker.invokeTestMethods(TestMethodWorker.java:129)
	at org.testng.internal.TestMethodWorker.run(TestMethodWorker.java:112)
	at org.testng.TestRunner.privateRun(TestRunner.java:746)
	at org.testng.TestRunner.run(TestRunner.java:600)
	at org.testng.SuiteRunner.runTest(SuiteRunner.java:366)
	at org.testng.SuiteRunner.runSequentially(SuiteRunner.java:361)
	at org.testng.SuiteRunner.privateRun(SuiteRunner.java:319)
	at org.testng.SuiteRunner.run(SuiteRunner.java:268)
	at org.testng.SuiteRunnerWorker.runSuite(SuiteRunnerWorker.java:52)
	at org.testng.SuiteRunnerWorker.run(SuiteRunnerWorker.java:86)
	at org.testng.TestNG.runSuitesSequentially(TestNG.java:1264)
	at org.testng.TestNG.runSuitesLocally(TestNG.java:1189)
	at org.testng.TestNG.runSuites(TestNG.java:1104)
	at org.testng.TestNG.run(TestNG.java:1076)
	at org.testng.remote.AbstractRemoteTestNG.run(AbstractRemoteTestNG.java:126)
	at org.testng.remote.RemoteTestNG.initAndRun(RemoteTestNG.java:152)
	at org.testng.remote.RemoteTestNG.main(RemoteTestNG.java:57)
]]>
            </full-stacktrace>
          </exception> <!-- java.lang.AssertionError -->
          <reporter-output>
          </reporter-output>
        </test-method> <!-- noPhoneTest -->
        <test-method status="PASS" signature="tearDown()[pri:0, instance:application.SignUpTest@100fc185]" name="tearDown" is-config="true" duration-ms="0" started-at="2019-08-29T01:49:00Z" finished-at="2019-08-29T01:49:00Z">
          <reporter-output>
          </reporter-output>
        </test-method> <!-- tearDown -->
        <test-method status="PASS" signature="setup()[pri:0, instance:application.SignUpTest@100fc185]" name="setup" is-config="true" duration-ms="1079" started-at="2019-08-29T01:49:00Z" finished-at="2019-08-29T01:49:01Z">
          <reporter-output>
          </reporter-output>
        </test-method> <!-- setup -->
        <test-method status="PASS" signature="passwordMismathwithConfirmPasswordTest()[pri:0, instance:application.SignUpTest@100fc185]" name="passwordMismathwithConfirmPasswordTest" duration-ms="988" started-at="2019-08-29T01:49:01Z" finished-at="2019-08-29T01:49:02Z">
          <reporter-output>
          </reporter-output>
        </test-method> <!-- passwordMismathwithConfirmPasswordTest -->
        <test-method status="PASS" signature="tearDown()[pri:0, instance:application.SignUpTest@100fc185]" name="tearDown" is-config="true" duration-ms="0" started-at="2019-08-29T01:49:02Z" finished-at="2019-08-29T01:49:02Z">
          <reporter-output>
          </reporter-output>
        </test-method> <!-- tearDown -->
        <test-method status="PASS" signature="setup()[pri:0, instance:application.SignUpTest@100fc185]" name="setup" is-config="true" duration-ms="1067" started-at="2019-08-29T01:49:02Z" finished-at="2019-08-29T01:49:03Z">
          <reporter-output>
          </reporter-output>
        </test-method> <!-- setup -->
        <test-method status="PASS" signature="shortPasswordTest()[pri:0, instance:application.SignUpTest@100fc185]" name="shortPasswordTest" duration-ms="918" started-at="2019-08-29T01:49:03Z" finished-at="2019-08-29T01:49:04Z">
          <reporter-output>
          </reporter-output>
        </test-method> <!-- shortPasswordTest -->
        <test-method status="PASS" signature="tearDown()[pri:0, instance:application.SignUpTest@100fc185]" name="tearDown" is-config="true" duration-ms="0" started-at="2019-08-29T01:49:04Z" finished-at="2019-08-29T01:49:04Z">
          <reporter-output>
          </reporter-output>
        </test-method> <!-- tearDown -->
      </class> <!-- application.SignUpTest -->
    </test> <!-- Default test -->
  </suite> <!-- Default suite -->
</testng-results>
