<?xml version="1.0" encoding="UTF-8"?>
<testng-results skipped="0" failed="0" total="3" passed="3">
  <reporter-output>
  </reporter-output>
  <suite name="Default suite" duration-ms="75982" started-at="2019-08-31T09:45:25Z" finished-at="2019-08-31T09:46:41Z">
    <groups>
    </groups>
    <test name="Default test" duration-ms="75982" started-at="2019-08-31T09:45:25Z" finished-at="2019-08-31T09:46:41Z">
      <class name="application.HotelBookingTest">
        <test-method status="PASS" signature="invokeBrowser()[pri:0, instance:application.HotelBookingTest@3a82f6ef]" name="invokeBrowser" is-config="true" duration-ms="23183" started-at="2019-08-31T15:45:25Z" finished-at="2019-08-31T15:45:48Z">
          <reporter-output>
          </reporter-output>
        </test-method> <!-- invokeBrowser -->
        <test-method status="PASS" signature="setup()[pri:0, instance:application.HotelBookingTest@3a82f6ef]" name="setup" is-config="true" duration-ms="8" started-at="2019-08-31T15:45:48Z" finished-at="2019-08-31T15:45:48Z">
          <reporter-output>
          </reporter-output>
        </test-method> <!-- setup -->
        <test-method status="PASS" signature="searchHotel()[pri:0, instance:application.HotelBookingTest@3a82f6ef]" name="searchHotel" duration-ms="41142" started-at="2019-08-31T15:45:48Z" finished-at="2019-08-31T15:46:29Z">
          <reporter-output>
          </reporter-output>
        </test-method> <!-- searchHotel -->
        <test-method status="PASS" signature="setup()[pri:0, instance:application.HotelBookingTest@3a82f6ef]" name="setup" is-config="true" duration-ms="10" started-at="2019-08-31T15:46:29Z" finished-at="2019-08-31T15:46:30Z">
          <reporter-output>
          </reporter-output>
        </test-method> <!-- setup -->
        <test-method status="PASS" signature="selectHotel()[pri:1, instance:application.HotelBookingTest@3a82f6ef]" name="selectHotel" duration-ms="6131" started-at="2019-08-31T15:46:30Z" finished-at="2019-08-31T15:46:36Z">
          <reporter-output>
          </reporter-output>
        </test-method> <!-- selectHotel -->
        <test-method status="PASS" signature="setup()[pri:0, instance:application.HotelBookingTest@3a82f6ef]" name="setup" is-config="true" duration-ms="14" started-at="2019-08-31T15:46:36Z" finished-at="2019-08-31T15:46:36Z">
          <reporter-output>
          </reporter-output>
        </test-method> <!-- setup -->
        <test-method status="PASS" signature="bookHotel()[pri:2, instance:application.HotelBookingTest@3a82f6ef]" name="bookHotel" duration-ms="5293" started-at="2019-08-31T15:46:36Z" finished-at="2019-08-31T15:46:41Z">
          <reporter-output>
          </reporter-output>
        </test-method> <!-- bookHotel -->
        <test-method status="PASS" signature="tearDown()[pri:0, instance:application.HotelBookingTest@3a82f6ef]" name="tearDown" is-config="true" duration-ms="138" started-at="2019-08-31T15:46:41Z" finished-at="2019-08-31T15:46:41Z">
          <reporter-output>
          </reporter-output>
        </test-method> <!-- tearDown -->
      </class> <!-- application.HotelBookingTest -->
    </test> <!-- Default test -->
  </suite> <!-- Default suite -->
</testng-results>
