<?xml version="1.0" encoding="UTF-8"?>
<testng-results skipped="0" failed="0" total="4" passed="4">
  <reporter-output>
  </reporter-output>
  <suite name="Default suite" duration-ms="58533" started-at="2019-08-31T11:37:01Z" finished-at="2019-08-31T11:37:59Z">
    <groups>
    </groups>
    <test name="Default test" duration-ms="58533" started-at="2019-08-31T11:37:01Z" finished-at="2019-08-31T11:37:59Z">
      <class name="application.CarBookingTest">
        <test-method status="PASS" signature="invokeBrowser()[pri:0, instance:application.CarBookingTest@36d4b5c]" name="invokeBrowser" is-config="true" duration-ms="22897" started-at="2019-08-31T17:37:01Z" finished-at="2019-08-31T17:37:24Z">
          <reporter-output>
          </reporter-output>
        </test-method> <!-- invokeBrowser -->
        <test-method status="PASS" signature="setup()[pri:0, instance:application.CarBookingTest@36d4b5c]" name="setup" is-config="true" duration-ms="11" started-at="2019-08-31T17:37:24Z" finished-at="2019-08-31T17:37:24Z">
          <reporter-output>
          </reporter-output>
        </test-method> <!-- setup -->
        <test-method status="PASS" signature="searchCarTest()[pri:0, instance:application.CarBookingTest@36d4b5c]" name="searchCarTest" duration-ms="4994" started-at="2019-08-31T17:37:24Z" finished-at="2019-08-31T17:37:29Z">
          <reporter-output>
          </reporter-output>
        </test-method> <!-- searchCarTest -->
        <test-method status="PASS" signature="setup()[pri:0, instance:application.CarBookingTest@36d4b5c]" name="setup" is-config="true" duration-ms="8" started-at="2019-08-31T17:37:29Z" finished-at="2019-08-31T17:37:29Z">
          <reporter-output>
          </reporter-output>
        </test-method> <!-- setup -->
        <test-method status="PASS" signature="selectCar()[pri:1, instance:application.CarBookingTest@36d4b5c]" name="selectCar" duration-ms="8481" started-at="2019-08-31T17:37:29Z" finished-at="2019-08-31T17:37:37Z">
          <reporter-output>
          </reporter-output>
        </test-method> <!-- selectCar -->
        <test-method status="PASS" signature="setup()[pri:0, instance:application.CarBookingTest@36d4b5c]" name="setup" is-config="true" duration-ms="11" started-at="2019-08-31T17:37:37Z" finished-at="2019-08-31T17:37:37Z">
          <reporter-output>
          </reporter-output>
        </test-method> <!-- setup -->
        <test-method status="PASS" signature="bookCarwithoutFirstNameTest()[pri:2, instance:application.CarBookingTest@36d4b5c]" name="bookCarwithoutFirstNameTest" duration-ms="6762" started-at="2019-08-31T17:37:37Z" finished-at="2019-08-31T17:37:44Z">
          <reporter-output>
          </reporter-output>
        </test-method> <!-- bookCarwithoutFirstNameTest -->
        <test-method status="PASS" signature="setup()[pri:0, instance:application.CarBookingTest@36d4b5c]" name="setup" is-config="true" duration-ms="7" started-at="2019-08-31T17:37:44Z" finished-at="2019-08-31T17:37:44Z">
          <reporter-output>
          </reporter-output>
        </test-method> <!-- setup -->
        <test-method status="PASS" signature="bookTourwithoutLasttNameTest()[pri:3, instance:application.CarBookingTest@36d4b5c]" name="bookTourwithoutLasttNameTest" duration-ms="5062" started-at="2019-08-31T17:37:44Z" finished-at="2019-08-31T17:37:49Z">
          <reporter-output>
          </reporter-output>
        </test-method> <!-- bookTourwithoutLasttNameTest -->
        <test-method status="PASS" signature="TearDown()[pri:0, instance:application.CarBookingTest@36d4b5c]" name="TearDown" is-config="true" duration-ms="10234" started-at="2019-08-31T17:37:49Z" finished-at="2019-08-31T17:37:59Z">
          <reporter-output>
          </reporter-output>
        </test-method> <!-- TearDown -->
      </class> <!-- application.CarBookingTest -->
    </test> <!-- Default test -->
  </suite> <!-- Default suite -->
</testng-results>
