<?xml version="1.0" encoding="UTF-8"?>
<testng-results skipped="0" failed="0" total="1" passed="1">
  <reporter-output>
  </reporter-output>
  <suite name="Default suite" duration-ms="38628" started-at="2019-08-31T11:22:06Z" finished-at="2019-08-31T11:22:44Z">
    <groups>
    </groups>
    <test name="Default test" duration-ms="38628" started-at="2019-08-31T11:22:06Z" finished-at="2019-08-31T11:22:44Z">
      <class name="application.CarBookingTest">
        <test-method status="PASS" signature="invokeBrowser()[pri:0, instance:application.CarBookingTest@36d4b5c]" name="invokeBrowser" is-config="true" duration-ms="22350" started-at="2019-08-31T17:22:06Z" finished-at="2019-08-31T17:22:28Z">
          <reporter-output>
          </reporter-output>
        </test-method> <!-- invokeBrowser -->
        <test-method status="PASS" signature="setup()[pri:0, instance:application.CarBookingTest@36d4b5c]" name="setup" is-config="true" duration-ms="13" started-at="2019-08-31T17:22:28Z" finished-at="2019-08-31T17:22:28Z">
          <reporter-output>
          </reporter-output>
        </test-method> <!-- setup -->
        <test-method status="PASS" signature="searchCarTest()[pri:0, instance:application.CarBookingTest@36d4b5c]" name="searchCarTest" duration-ms="5889" started-at="2019-08-31T17:22:28Z" finished-at="2019-08-31T17:22:34Z">
          <reporter-output>
          </reporter-output>
        </test-method> <!-- searchCarTest -->
        <test-method status="PASS" signature="TearDown()[pri:0, instance:application.CarBookingTest@36d4b5c]" name="TearDown" is-config="true" duration-ms="10345" started-at="2019-08-31T17:22:34Z" finished-at="2019-08-31T17:22:44Z">
          <reporter-output>
          </reporter-output>
        </test-method> <!-- TearDown -->
      </class> <!-- application.CarBookingTest -->
    </test> <!-- Default test -->
  </suite> <!-- Default suite -->
</testng-results>
