<?xml version="1.0" encoding="UTF-8"?>
<testng-results skipped="0" failed="0" total="3" passed="3">
  <reporter-output>
  </reporter-output>
  <suite name="Default suite" duration-ms="23899" started-at="2019-08-29T16:19:48Z" finished-at="2019-08-29T16:20:11Z">
    <groups>
    </groups>
    <test name="Default test" duration-ms="23899" started-at="2019-08-29T16:19:48Z" finished-at="2019-08-29T16:20:11Z">
      <class name="application.SignInTest">
        <test-method status="PASS" signature="invokeBrowser()[pri:0, instance:application.SignInTest@3a82f6ef]" name="invokeBrowser" is-config="true" duration-ms="18411" started-at="2019-08-29T22:19:48Z" finished-at="2019-08-29T22:20:06Z">
          <reporter-output>
          </reporter-output>
        </test-method> <!-- invokeBrowser -->
        <test-method status="PASS" signature="setup()[pri:0, instance:application.SignInTest@3a82f6ef]" name="setup" is-config="true" duration-ms="1249" started-at="2019-08-29T22:20:06Z" finished-at="2019-08-29T22:20:07Z">
          <reporter-output>
          </reporter-output>
        </test-method> <!-- setup -->
        <test-method status="PASS" signature="invalidEmailTest()[pri:0, instance:application.SignInTest@3a82f6ef]" name="invalidEmailTest" duration-ms="660" started-at="2019-08-29T22:20:07Z" finished-at="2019-08-29T22:20:08Z">
          <reporter-output>
          </reporter-output>
        </test-method> <!-- invalidEmailTest -->
        <test-method status="PASS" signature="setup()[pri:0, instance:application.SignInTest@3a82f6ef]" name="setup" is-config="true" duration-ms="1082" started-at="2019-08-29T22:20:08Z" finished-at="2019-08-29T22:20:09Z">
          <reporter-output>
          </reporter-output>
        </test-method> <!-- setup -->
        <test-method status="PASS" signature="refreshAfterTest()[pri:0, instance:application.SignInTest@3a82f6ef]" name="refreshAfterTest" is-config="true" duration-ms="0" started-at="2019-08-29T22:20:08Z" finished-at="2019-08-29T22:20:08Z">
          <reporter-output>
          </reporter-output>
        </test-method> <!-- refreshAfterTest -->
        <test-method status="PASS" signature="invalidPasswordTest()[pri:0, instance:application.SignInTest@3a82f6ef]" name="invalidPasswordTest" duration-ms="844" started-at="2019-08-29T22:20:09Z" finished-at="2019-08-29T22:20:10Z">
          <reporter-output>
          </reporter-output>
        </test-method> <!-- invalidPasswordTest -->
        <test-method status="PASS" signature="refreshAfterTest()[pri:0, instance:application.SignInTest@3a82f6ef]" name="refreshAfterTest" is-config="true" duration-ms="0" started-at="2019-08-29T22:20:10Z" finished-at="2019-08-29T22:20:10Z">
          <reporter-output>
          </reporter-output>
        </test-method> <!-- refreshAfterTest -->
        <test-method status="PASS" signature="setup()[pri:0, instance:application.SignInTest@3a82f6ef]" name="setup" is-config="true" duration-ms="1218" started-at="2019-08-29T22:20:10Z" finished-at="2019-08-29T22:20:11Z">
          <reporter-output>
          </reporter-output>
        </test-method> <!-- setup -->
        <test-method status="PASS" signature="validTest()[pri:5, instance:application.SignInTest@3a82f6ef]" name="validTest" duration-ms="408" started-at="2019-08-29T22:20:11Z" finished-at="2019-08-29T22:20:11Z">
          <reporter-output>
          </reporter-output>
        </test-method> <!-- validTest -->
        <test-method status="PASS" signature="refreshAfterTest()[pri:0, instance:application.SignInTest@3a82f6ef]" name="refreshAfterTest" is-config="true" duration-ms="0" started-at="2019-08-29T22:20:11Z" finished-at="2019-08-29T22:20:11Z">
          <reporter-output>
          </reporter-output>
        </test-method> <!-- refreshAfterTest -->
      </class> <!-- application.SignInTest -->
    </test> <!-- Default test -->
  </suite> <!-- Default suite -->
</testng-results>
