<?xml version="1.0" encoding="UTF-8"?>
<testng-results skipped="0" failed="2" total="25" passed="23">
  <reporter-output>
  </reporter-output>
  <suite name="PHP Travels Suite" duration-ms="239890" started-at="2019-08-31T09:37:09Z" finished-at="2019-08-31T09:41:09Z">
    <groups>
    </groups>
    <test name="Sign Up" duration-ms="45937" started-at="2019-08-31T09:37:09Z" finished-at="2019-08-31T09:37:55Z">
      <class name="application.SignUpTest">
        <test-method status="PASS" signature="invokeBrowser()[pri:0, instance:application.SignUpTest@643b1d11]" name="invokeBrowser" is-config="true" duration-ms="16691" started-at="2019-08-31T15:37:09Z" finished-at="2019-08-31T15:37:26Z">
          <reporter-output>
          </reporter-output>
        </test-method> <!-- invokeBrowser -->
        <test-method status="PASS" signature="setup()[pri:0, instance:application.SignUpTest@643b1d11]" name="setup" is-config="true" duration-ms="437" started-at="2019-08-31T15:37:26Z" finished-at="2019-08-31T15:37:26Z">
          <reporter-output>
          </reporter-output>
        </test-method> <!-- setup -->
        <test-method status="PASS" signature="invalidEmailTest()[pri:0, instance:application.SignUpTest@643b1d11]" name="invalidEmailTest" duration-ms="1036" started-at="2019-08-31T15:37:26Z" finished-at="2019-08-31T15:37:27Z">
          <reporter-output>
          </reporter-output>
        </test-method> <!-- invalidEmailTest -->
        <test-method status="PASS" signature="refreshAfterTest()[pri:0, instance:application.SignUpTest@643b1d11]" name="refreshAfterTest" is-config="true" duration-ms="979" started-at="2019-08-31T15:37:27Z" finished-at="2019-08-31T15:37:28Z">
          <reporter-output>
          </reporter-output>
        </test-method> <!-- refreshAfterTest -->
        <test-method status="PASS" signature="setup()[pri:0, instance:application.SignUpTest@643b1d11]" name="setup" is-config="true" duration-ms="582" started-at="2019-08-31T15:37:28Z" finished-at="2019-08-31T15:37:29Z">
          <reporter-output>
          </reporter-output>
        </test-method> <!-- setup -->
        <test-method status="PASS" signature="noConfirmPasswordTest()[pri:0, instance:application.SignUpTest@643b1d11]" name="noConfirmPasswordTest" duration-ms="1061" started-at="2019-08-31T15:37:29Z" finished-at="2019-08-31T15:37:30Z">
          <reporter-output>
          </reporter-output>
        </test-method> <!-- noConfirmPasswordTest -->
        <test-method status="PASS" signature="refreshAfterTest()[pri:0, instance:application.SignUpTest@643b1d11]" name="refreshAfterTest" is-config="true" duration-ms="952" started-at="2019-08-31T15:37:30Z" finished-at="2019-08-31T15:37:31Z">
          <reporter-output>
          </reporter-output>
        </test-method> <!-- refreshAfterTest -->
        <test-method status="PASS" signature="setup()[pri:0, instance:application.SignUpTest@643b1d11]" name="setup" is-config="true" duration-ms="563" started-at="2019-08-31T15:37:31Z" finished-at="2019-08-31T15:37:31Z">
          <reporter-output>
          </reporter-output>
        </test-method> <!-- setup -->
        <test-method status="PASS" signature="noEmailTest()[pri:0, instance:application.SignUpTest@643b1d11]" name="noEmailTest" duration-ms="933" started-at="2019-08-31T15:37:31Z" finished-at="2019-08-31T15:37:32Z">
          <reporter-output>
          </reporter-output>
        </test-method> <!-- noEmailTest -->
        <test-method status="PASS" signature="refreshAfterTest()[pri:0, instance:application.SignUpTest@643b1d11]" name="refreshAfterTest" is-config="true" duration-ms="911" started-at="2019-08-31T15:37:32Z" finished-at="2019-08-31T15:37:33Z">
          <reporter-output>
          </reporter-output>
        </test-method> <!-- refreshAfterTest -->
        <test-method status="PASS" signature="setup()[pri:0, instance:application.SignUpTest@643b1d11]" name="setup" is-config="true" duration-ms="522" started-at="2019-08-31T15:37:33Z" finished-at="2019-08-31T15:37:34Z">
          <reporter-output>
          </reporter-output>
        </test-method> <!-- setup -->
        <test-method status="PASS" signature="noFirstNameTest()[pri:0, instance:application.SignUpTest@643b1d11]" name="noFirstNameTest" duration-ms="1008" started-at="2019-08-31T15:37:34Z" finished-at="2019-08-31T15:37:35Z">
          <reporter-output>
          </reporter-output>
        </test-method> <!-- noFirstNameTest -->
        <test-method status="PASS" signature="refreshAfterTest()[pri:0, instance:application.SignUpTest@643b1d11]" name="refreshAfterTest" is-config="true" duration-ms="892" started-at="2019-08-31T15:37:35Z" finished-at="2019-08-31T15:37:35Z">
          <reporter-output>
          </reporter-output>
        </test-method> <!-- refreshAfterTest -->
        <test-method status="PASS" signature="setup()[pri:0, instance:application.SignUpTest@643b1d11]" name="setup" is-config="true" duration-ms="455" started-at="2019-08-31T15:37:35Z" finished-at="2019-08-31T15:37:36Z">
          <reporter-output>
          </reporter-output>
        </test-method> <!-- setup -->
        <test-method status="PASS" signature="noInputTest()[pri:0, instance:application.SignUpTest@643b1d11]" name="noInputTest" duration-ms="424" started-at="2019-08-31T15:37:36Z" finished-at="2019-08-31T15:37:36Z">
          <reporter-output>
          </reporter-output>
        </test-method> <!-- noInputTest -->
        <test-method status="PASS" signature="refreshAfterTest()[pri:0, instance:application.SignUpTest@643b1d11]" name="refreshAfterTest" is-config="true" duration-ms="764" started-at="2019-08-31T15:37:36Z" finished-at="2019-08-31T15:37:37Z">
          <reporter-output>
          </reporter-output>
        </test-method> <!-- refreshAfterTest -->
        <test-method status="PASS" signature="setup()[pri:0, instance:application.SignUpTest@643b1d11]" name="setup" is-config="true" duration-ms="538" started-at="2019-08-31T15:37:37Z" finished-at="2019-08-31T15:37:38Z">
          <reporter-output>
          </reporter-output>
        </test-method> <!-- setup -->
        <test-method status="PASS" signature="noLastNameTest()[pri:0, instance:application.SignUpTest@643b1d11]" name="noLastNameTest" duration-ms="1098" started-at="2019-08-31T15:37:38Z" finished-at="2019-08-31T15:37:39Z">
          <reporter-output>
          </reporter-output>
        </test-method> <!-- noLastNameTest -->
        <test-method status="PASS" signature="refreshAfterTest()[pri:0, instance:application.SignUpTest@643b1d11]" name="refreshAfterTest" is-config="true" duration-ms="928" started-at="2019-08-31T15:37:39Z" finished-at="2019-08-31T15:37:40Z">
          <reporter-output>
          </reporter-output>
        </test-method> <!-- refreshAfterTest -->
        <test-method status="PASS" signature="setup()[pri:0, instance:application.SignUpTest@643b1d11]" name="setup" is-config="true" duration-ms="544" started-at="2019-08-31T15:37:40Z" finished-at="2019-08-31T15:37:40Z">
          <reporter-output>
          </reporter-output>
        </test-method> <!-- setup -->
        <test-method status="PASS" signature="noPasswordTest()[pri:0, instance:application.SignUpTest@643b1d11]" name="noPasswordTest" duration-ms="1083" started-at="2019-08-31T15:37:40Z" finished-at="2019-08-31T15:37:41Z">
          <reporter-output>
          </reporter-output>
        </test-method> <!-- noPasswordTest -->
        <test-method status="PASS" signature="refreshAfterTest()[pri:0, instance:application.SignUpTest@643b1d11]" name="refreshAfterTest" is-config="true" duration-ms="817" started-at="2019-08-31T15:37:41Z" finished-at="2019-08-31T15:37:42Z">
          <reporter-output>
          </reporter-output>
        </test-method> <!-- refreshAfterTest -->
        <test-method status="PASS" signature="setup()[pri:0, instance:application.SignUpTest@643b1d11]" name="setup" is-config="true" duration-ms="483" started-at="2019-08-31T15:37:42Z" finished-at="2019-08-31T15:37:43Z">
          <reporter-output>
          </reporter-output>
        </test-method> <!-- setup -->
        <test-method status="PASS" signature="passwordMismathwithConfirmPasswordTest()[pri:0, instance:application.SignUpTest@643b1d11]" name="passwordMismathwithConfirmPasswordTest" duration-ms="1113" started-at="2019-08-31T15:37:43Z" finished-at="2019-08-31T15:37:44Z">
          <reporter-output>
          </reporter-output>
        </test-method> <!-- passwordMismathwithConfirmPasswordTest -->
        <test-method status="PASS" signature="refreshAfterTest()[pri:0, instance:application.SignUpTest@643b1d11]" name="refreshAfterTest" is-config="true" duration-ms="878" started-at="2019-08-31T15:37:44Z" finished-at="2019-08-31T15:37:45Z">
          <reporter-output>
          </reporter-output>
        </test-method> <!-- refreshAfterTest -->
        <test-method status="PASS" signature="setup()[pri:0, instance:application.SignUpTest@643b1d11]" name="setup" is-config="true" duration-ms="434" started-at="2019-08-31T15:37:45Z" finished-at="2019-08-31T15:37:45Z">
          <reporter-output>
          </reporter-output>
        </test-method> <!-- setup -->
        <test-method status="PASS" signature="shortPasswordTest()[pri:0, instance:application.SignUpTest@643b1d11]" name="shortPasswordTest" duration-ms="1114" started-at="2019-08-31T15:37:45Z" finished-at="2019-08-31T15:37:46Z">
          <reporter-output>
          </reporter-output>
        </test-method> <!-- shortPasswordTest -->
        <test-method status="PASS" signature="refreshAfterTest()[pri:0, instance:application.SignUpTest@643b1d11]" name="refreshAfterTest" is-config="true" duration-ms="834" started-at="2019-08-31T15:37:46Z" finished-at="2019-08-31T15:37:47Z">
          <reporter-output>
          </reporter-output>
        </test-method> <!-- refreshAfterTest -->
        <test-method status="PASS" signature="setup()[pri:0, instance:application.SignUpTest@643b1d11]" name="setup" is-config="true" duration-ms="638" started-at="2019-08-31T15:37:47Z" finished-at="2019-08-31T15:37:48Z">
          <reporter-output>
          </reporter-output>
        </test-method> <!-- setup -->
        <test-method status="FAIL" signature="noPhoneTest()[pri:15, instance:application.SignUpTest@643b1d11]" name="noPhoneTest" duration-ms="5877" started-at="2019-08-31T15:37:48Z" finished-at="2019-08-31T15:37:54Z">
          <exception class="org.openqa.selenium.NoSuchElementException">
            <message>
              <![CDATA[no such element: Unable to locate element: {"method":"css selector","selector":"div.alert.alert-danger p"}
  (Session info: chrome=76.0.3809.132)
For documentation on this error, please visit: https://www.seleniumhq.org/exceptions/no_such_element.html
Build info: version: '3.141.59', revision: 'e82be7d358', time: '2018-11-14T08:25:48'
System info: host: 'DESKTOP-2NB5M8O', ip: '192.168.0.7', os.name: 'Windows 10', os.arch: 'amd64', os.version: '10.0', java.version: '1.8.0_181'
Driver info: org.openqa.selenium.chrome.ChromeDriver
Capabilities {acceptInsecureCerts: false, browserName: chrome, browserVersion: 76.0.3809.132, chrome: {chromedriverVersion: 76.0.3809.126 (d80a294506b4..., userDataDir: C:\Users\DELL\AppData\Local...}, goog:chromeOptions: {debuggerAddress: localhost:49789}, javascriptEnabled: true, networkConnectionEnabled: false, pageLoadStrategy: normal, platform: XP, platformName: XP, proxy: Proxy(), setWindowRect: true, strictFileInteractability: false, timeouts: {implicit: 0, pageLoad: 300000, script: 30000}, unhandledPromptBehavior: dismiss and notify}
Session ID: 73cb18382d7b0f39a8a552282919e9f6
*** Element info: {Using=css selector, value=div.alert.alert-danger p}]]>
            </message>
            <full-stacktrace>
              <![CDATA[org.openqa.selenium.NoSuchElementException: no such element: Unable to locate element: {"method":"css selector","selector":"div.alert.alert-danger p"}
  (Session info: chrome=76.0.3809.132)
For documentation on this error, please visit: https://www.seleniumhq.org/exceptions/no_such_element.html
Build info: version: '3.141.59', revision: 'e82be7d358', time: '2018-11-14T08:25:48'
System info: host: 'DESKTOP-2NB5M8O', ip: '192.168.0.7', os.name: 'Windows 10', os.arch: 'amd64', os.version: '10.0', java.version: '1.8.0_181'
Driver info: org.openqa.selenium.chrome.ChromeDriver
Capabilities {acceptInsecureCerts: false, browserName: chrome, browserVersion: 76.0.3809.132, chrome: {chromedriverVersion: 76.0.3809.126 (d80a294506b4..., userDataDir: C:\Users\DELL\AppData\Local...}, goog:chromeOptions: {debuggerAddress: localhost:49789}, javascriptEnabled: true, networkConnectionEnabled: false, pageLoadStrategy: normal, platform: XP, platformName: XP, proxy: Proxy(), setWindowRect: true, strictFileInteractability: false, timeouts: {implicit: 0, pageLoad: 300000, script: 30000}, unhandledPromptBehavior: dismiss and notify}
Session ID: 73cb18382d7b0f39a8a552282919e9f6
*** Element info: {Using=css selector, value=div.alert.alert-danger p}
	at sun.reflect.NativeConstructorAccessorImpl.newInstance0(Native Method)
	at sun.reflect.NativeConstructorAccessorImpl.newInstance(Unknown Source)
	at sun.reflect.DelegatingConstructorAccessorImpl.newInstance(Unknown Source)
	at java.lang.reflect.Constructor.newInstance(Unknown Source)
	at org.openqa.selenium.remote.http.W3CHttpResponseCodec.createException(W3CHttpResponseCodec.java:187)
	at org.openqa.selenium.remote.http.W3CHttpResponseCodec.decode(W3CHttpResponseCodec.java:122)
	at org.openqa.selenium.remote.http.W3CHttpResponseCodec.decode(W3CHttpResponseCodec.java:49)
	at org.openqa.selenium.remote.HttpCommandExecutor.execute(HttpCommandExecutor.java:158)
	at org.openqa.selenium.remote.service.DriverCommandExecutor.execute(DriverCommandExecutor.java:83)
	at org.openqa.selenium.remote.RemoteWebDriver.execute(RemoteWebDriver.java:552)
	at org.openqa.selenium.remote.RemoteWebDriver.findElement(RemoteWebDriver.java:323)
	at org.openqa.selenium.remote.RemoteWebDriver.findElementByCssSelector(RemoteWebDriver.java:420)
	at org.openqa.selenium.By$ByCssSelector.findElement(By.java:431)
	at org.openqa.selenium.remote.RemoteWebDriver.findElement(RemoteWebDriver.java:315)
	at application.SignUpTest.scrollUpandGetWarningTextandAssert(SignUpTest.java:50)
	at application.SignUpTest.noPhoneTest(SignUpTest.java:112)
	at sun.reflect.NativeMethodAccessorImpl.invoke0(Native Method)
	at sun.reflect.NativeMethodAccessorImpl.invoke(Unknown Source)
	at sun.reflect.DelegatingMethodAccessorImpl.invoke(Unknown Source)
	at java.lang.reflect.Method.invoke(Unknown Source)
	at org.testng.internal.MethodInvocationHelper.invokeMethod(MethodInvocationHelper.java:100)
	at org.testng.internal.Invoker.invokeMethod(Invoker.java:646)
	at org.testng.internal.Invoker.invokeTestMethod(Invoker.java:811)
	at org.testng.internal.Invoker.invokeTestMethods(Invoker.java:1129)
	at org.testng.internal.TestMethodWorker.invokeTestMethods(TestMethodWorker.java:129)
	at org.testng.internal.TestMethodWorker.run(TestMethodWorker.java:112)
	at org.testng.TestRunner.privateRun(TestRunner.java:746)
	at org.testng.TestRunner.run(TestRunner.java:600)
	at org.testng.SuiteRunner.runTest(SuiteRunner.java:366)
	at org.testng.SuiteRunner.access$000(SuiteRunner.java:39)
	at org.testng.SuiteRunner$SuiteWorker.run(SuiteRunner.java:400)
	at org.testng.internal.thread.ThreadUtil$2.call(ThreadUtil.java:64)
	at java.util.concurrent.FutureTask.run(Unknown Source)
	at java.util.concurrent.ThreadPoolExecutor.runWorker(Unknown Source)
	at java.util.concurrent.ThreadPoolExecutor$Worker.run(Unknown Source)
	at java.lang.Thread.run(Unknown Source)
]]>
            </full-stacktrace>
          </exception> <!-- org.openqa.selenium.NoSuchElementException -->
          <reporter-output>
          </reporter-output>
        </test-method> <!-- noPhoneTest -->
        <test-method status="PASS" signature="refreshAfterTest()[pri:0, instance:application.SignUpTest@643b1d11]" name="refreshAfterTest" is-config="true" duration-ms="1104" started-at="2019-08-31T15:37:54Z" finished-at="2019-08-31T15:37:55Z">
          <reporter-output>
          </reporter-output>
        </test-method> <!-- refreshAfterTest -->
        <test-method status="PASS" signature="TearDown()[pri:0, instance:application.SignUpTest@643b1d11]" name="TearDown" is-config="true" duration-ms="147" started-at="2019-08-31T15:37:55Z" finished-at="2019-08-31T15:37:55Z">
          <reporter-output>
          </reporter-output>
        </test-method> <!-- TearDown -->
      </class> <!-- application.SignUpTest -->
    </test> <!-- Sign Up -->
    <test name="Sign In" duration-ms="19767" started-at="2019-08-31T09:37:55Z" finished-at="2019-08-31T09:38:15Z">
      <class name="application.SignInTest">
        <test-method status="PASS" signature="invokeBrowser()[pri:0, instance:application.SignInTest@482f8f11]" name="invokeBrowser" is-config="true" duration-ms="15098" started-at="2019-08-31T15:37:55Z" finished-at="2019-08-31T15:38:10Z">
          <reporter-output>
          </reporter-output>
        </test-method> <!-- invokeBrowser -->
        <test-method status="PASS" signature="setup()[pri:0, instance:application.SignInTest@482f8f11]" name="setup" is-config="true" duration-ms="1007" started-at="2019-08-31T15:38:10Z" finished-at="2019-08-31T15:38:11Z">
          <reporter-output>
          </reporter-output>
        </test-method> <!-- setup -->
        <test-method status="PASS" signature="invalidEmailTest()[pri:0, instance:application.SignInTest@482f8f11]" name="invalidEmailTest" duration-ms="745" started-at="2019-08-31T15:38:11Z" finished-at="2019-08-31T15:38:12Z">
          <reporter-output>
          </reporter-output>
        </test-method> <!-- invalidEmailTest -->
        <test-method status="PASS" signature="refreshAfterTest()[pri:0, instance:application.SignInTest@482f8f11]" name="refreshAfterTest" is-config="true" duration-ms="0" started-at="2019-08-31T15:38:12Z" finished-at="2019-08-31T15:38:12Z">
          <reporter-output>
          </reporter-output>
        </test-method> <!-- refreshAfterTest -->
        <test-method status="PASS" signature="setup()[pri:0, instance:application.SignInTest@482f8f11]" name="setup" is-config="true" duration-ms="1006" started-at="2019-08-31T15:38:12Z" finished-at="2019-08-31T15:38:13Z">
          <reporter-output>
          </reporter-output>
        </test-method> <!-- setup -->
        <test-method status="FAIL" signature="invalidPasswordTest()[pri:0, instance:application.SignInTest@482f8f11]" name="invalidPasswordTest" duration-ms="492" started-at="2019-08-31T15:38:13Z" finished-at="2019-08-31T15:38:13Z">
          <exception class="org.openqa.selenium.ElementClickInterceptedException">
            <message>
              <![CDATA[element click intercepted: Element <button style="font-size: 16px;" type="submit" class="btn btn-action btn-lg btn-block loginbtn">...</button> is not clickable at point (673, 532). Other element would receive the click: <a class="btn btn-default br25 btn-block form-group" href="https://www.phptravels.net/register">...</a>
  (Session info: chrome=76.0.3809.132)
Build info: version: '3.141.59', revision: 'e82be7d358', time: '2018-11-14T08:25:48'
System info: host: 'DESKTOP-2NB5M8O', ip: '192.168.0.7', os.name: 'Windows 10', os.arch: 'amd64', os.version: '10.0', java.version: '1.8.0_181'
Driver info: org.openqa.selenium.chrome.ChromeDriver
Capabilities {acceptInsecureCerts: false, browserName: chrome, browserVersion: 76.0.3809.132, chrome: {chromedriverVersion: 76.0.3809.126 (d80a294506b4..., userDataDir: C:\Users\DELL\AppData\Local...}, goog:chromeOptions: {debuggerAddress: localhost:49829}, javascriptEnabled: true, networkConnectionEnabled: false, pageLoadStrategy: normal, platform: XP, platformName: XP, proxy: Proxy(), setWindowRect: true, strictFileInteractability: false, timeouts: {implicit: 0, pageLoad: 300000, script: 30000}, unhandledPromptBehavior: dismiss and notify}
Session ID: 89a5dba355ac0e55f542796444ad9096]]>
            </message>
            <full-stacktrace>
              <![CDATA[org.openqa.selenium.ElementClickInterceptedException: element click intercepted: Element <button style="font-size: 16px;" type="submit" class="btn btn-action btn-lg btn-block loginbtn">...</button> is not clickable at point (673, 532). Other element would receive the click: <a class="btn btn-default br25 btn-block form-group" href="https://www.phptravels.net/register">...</a>
  (Session info: chrome=76.0.3809.132)
Build info: version: '3.141.59', revision: 'e82be7d358', time: '2018-11-14T08:25:48'
System info: host: 'DESKTOP-2NB5M8O', ip: '192.168.0.7', os.name: 'Windows 10', os.arch: 'amd64', os.version: '10.0', java.version: '1.8.0_181'
Driver info: org.openqa.selenium.chrome.ChromeDriver
Capabilities {acceptInsecureCerts: false, browserName: chrome, browserVersion: 76.0.3809.132, chrome: {chromedriverVersion: 76.0.3809.126 (d80a294506b4..., userDataDir: C:\Users\DELL\AppData\Local...}, goog:chromeOptions: {debuggerAddress: localhost:49829}, javascriptEnabled: true, networkConnectionEnabled: false, pageLoadStrategy: normal, platform: XP, platformName: XP, proxy: Proxy(), setWindowRect: true, strictFileInteractability: false, timeouts: {implicit: 0, pageLoad: 300000, script: 30000}, unhandledPromptBehavior: dismiss and notify}
Session ID: 89a5dba355ac0e55f542796444ad9096
	at sun.reflect.NativeConstructorAccessorImpl.newInstance0(Native Method)
	at sun.reflect.NativeConstructorAccessorImpl.newInstance(Unknown Source)
	at sun.reflect.DelegatingConstructorAccessorImpl.newInstance(Unknown Source)
	at java.lang.reflect.Constructor.newInstance(Unknown Source)
	at org.openqa.selenium.remote.http.W3CHttpResponseCodec.createException(W3CHttpResponseCodec.java:187)
	at org.openqa.selenium.remote.http.W3CHttpResponseCodec.decode(W3CHttpResponseCodec.java:122)
	at org.openqa.selenium.remote.http.W3CHttpResponseCodec.decode(W3CHttpResponseCodec.java:49)
	at org.openqa.selenium.remote.HttpCommandExecutor.execute(HttpCommandExecutor.java:158)
	at org.openqa.selenium.remote.service.DriverCommandExecutor.execute(DriverCommandExecutor.java:83)
	at org.openqa.selenium.remote.RemoteWebDriver.execute(RemoteWebDriver.java:552)
	at org.openqa.selenium.remote.RemoteWebElement.execute(RemoteWebElement.java:285)
	at org.openqa.selenium.remote.RemoteWebElement.click(RemoteWebElement.java:84)
	at application.SignInTest.invalidPasswordTest(SignInTest.java:59)
	at sun.reflect.NativeMethodAccessorImpl.invoke0(Native Method)
	at sun.reflect.NativeMethodAccessorImpl.invoke(Unknown Source)
	at sun.reflect.DelegatingMethodAccessorImpl.invoke(Unknown Source)
	at java.lang.reflect.Method.invoke(Unknown Source)
	at org.testng.internal.MethodInvocationHelper.invokeMethod(MethodInvocationHelper.java:100)
	at org.testng.internal.Invoker.invokeMethod(Invoker.java:646)
	at org.testng.internal.Invoker.invokeTestMethod(Invoker.java:811)
	at org.testng.internal.Invoker.invokeTestMethods(Invoker.java:1129)
	at org.testng.internal.TestMethodWorker.invokeTestMethods(TestMethodWorker.java:129)
	at org.testng.internal.TestMethodWorker.run(TestMethodWorker.java:112)
	at org.testng.TestRunner.privateRun(TestRunner.java:746)
	at org.testng.TestRunner.run(TestRunner.java:600)
	at org.testng.SuiteRunner.runTest(SuiteRunner.java:366)
	at org.testng.SuiteRunner.access$000(SuiteRunner.java:39)
	at org.testng.SuiteRunner$SuiteWorker.run(SuiteRunner.java:400)
	at org.testng.internal.thread.ThreadUtil$2.call(ThreadUtil.java:64)
	at java.util.concurrent.FutureTask.run(Unknown Source)
	at java.util.concurrent.ThreadPoolExecutor.runWorker(Unknown Source)
	at java.util.concurrent.ThreadPoolExecutor$Worker.run(Unknown Source)
	at java.lang.Thread.run(Unknown Source)
]]>
            </full-stacktrace>
          </exception> <!-- org.openqa.selenium.ElementClickInterceptedException -->
          <reporter-output>
          </reporter-output>
        </test-method> <!-- invalidPasswordTest -->
        <test-method status="PASS" signature="refreshAfterTest()[pri:0, instance:application.SignInTest@482f8f11]" name="refreshAfterTest" is-config="true" duration-ms="0" started-at="2019-08-31T15:38:13Z" finished-at="2019-08-31T15:38:13Z">
          <reporter-output>
          </reporter-output>
        </test-method> <!-- refreshAfterTest -->
        <test-method status="PASS" signature="setup()[pri:0, instance:application.SignInTest@482f8f11]" name="setup" is-config="true" duration-ms="976" started-at="2019-08-31T15:38:13Z" finished-at="2019-08-31T15:38:14Z">
          <reporter-output>
          </reporter-output>
        </test-method> <!-- setup -->
        <test-method status="PASS" signature="validTest()[pri:5, instance:application.SignInTest@482f8f11]" name="validTest" duration-ms="436" started-at="2019-08-31T15:38:14Z" finished-at="2019-08-31T15:38:15Z">
          <reporter-output>
          </reporter-output>
        </test-method> <!-- validTest -->
        <test-method status="PASS" signature="refreshAfterTest()[pri:0, instance:application.SignInTest@482f8f11]" name="refreshAfterTest" is-config="true" duration-ms="0" started-at="2019-08-31T15:38:15Z" finished-at="2019-08-31T15:38:15Z">
          <reporter-output>
          </reporter-output>
        </test-method> <!-- refreshAfterTest -->
      </class> <!-- application.SignInTest -->
    </test> <!-- Sign In -->
    <test name="Tour Test" duration-ms="95649" started-at="2019-08-31T09:38:15Z" finished-at="2019-08-31T09:39:50Z">
      <class name="application.TourTest">
        <test-method status="PASS" signature="invokeBrowser()[pri:0, instance:application.TourTest@c038203]" name="invokeBrowser" is-config="true" duration-ms="25002" started-at="2019-08-31T15:38:15Z" finished-at="2019-08-31T15:38:40Z">
          <reporter-output>
          </reporter-output>
        </test-method> <!-- invokeBrowser -->
        <test-method status="PASS" signature="setup()[pri:0, instance:application.TourTest@c038203]" name="setup" is-config="true" duration-ms="15" started-at="2019-08-31T15:38:40Z" finished-at="2019-08-31T15:38:40Z">
          <reporter-output>
          </reporter-output>
        </test-method> <!-- setup -->
        <test-method status="PASS" signature="searchTourTest()[pri:0, instance:application.TourTest@c038203]" name="searchTourTest" duration-ms="11364" started-at="2019-08-31T15:38:40Z" finished-at="2019-08-31T15:38:51Z">
          <reporter-output>
          </reporter-output>
        </test-method> <!-- searchTourTest -->
        <test-method status="PASS" signature="setup()[pri:0, instance:application.TourTest@c038203]" name="setup" is-config="true" duration-ms="13" started-at="2019-08-31T15:38:51Z" finished-at="2019-08-31T15:38:51Z">
          <reporter-output>
          </reporter-output>
        </test-method> <!-- setup -->
        <test-method status="PASS" signature="reviewTour()[pri:1, instance:application.TourTest@c038203]" name="reviewTour" duration-ms="2024" started-at="2019-08-31T15:38:51Z" finished-at="2019-08-31T15:38:53Z">
          <reporter-output>
          </reporter-output>
        </test-method> <!-- reviewTour -->
        <test-method status="PASS" signature="setup()[pri:0, instance:application.TourTest@c038203]" name="setup" is-config="true" duration-ms="7" started-at="2019-08-31T15:38:53Z" finished-at="2019-08-31T15:38:53Z">
          <reporter-output>
          </reporter-output>
        </test-method> <!-- setup -->
        <test-method status="PASS" signature="bookTourwithoutFirstNameTest()[pri:2, instance:application.TourTest@c038203]" name="bookTourwithoutFirstNameTest" duration-ms="8131" started-at="2019-08-31T15:38:53Z" finished-at="2019-08-31T15:39:01Z">
          <reporter-output>
          </reporter-output>
        </test-method> <!-- bookTourwithoutFirstNameTest -->
        <test-method status="PASS" signature="setup()[pri:0, instance:application.TourTest@c038203]" name="setup" is-config="true" duration-ms="5" started-at="2019-08-31T15:39:01Z" finished-at="2019-08-31T15:39:01Z">
          <reporter-output>
          </reporter-output>
        </test-method> <!-- setup -->
        <test-method status="PASS" signature="bookTourwithInvalidEmailTest()[pri:3, instance:application.TourTest@c038203]" name="bookTourwithInvalidEmailTest" duration-ms="4661" started-at="2019-08-31T15:39:01Z" finished-at="2019-08-31T15:39:06Z">
          <reporter-output>
          </reporter-output>
        </test-method> <!-- bookTourwithInvalidEmailTest -->
        <test-method status="PASS" signature="setup()[pri:0, instance:application.TourTest@c038203]" name="setup" is-config="true" duration-ms="5" started-at="2019-08-31T15:39:06Z" finished-at="2019-08-31T15:39:06Z">
          <reporter-output>
          </reporter-output>
        </test-method> <!-- setup -->
        <test-method status="PASS" signature="bookTourwithWrongConfirmEmailTest()[pri:3, instance:application.TourTest@c038203]" name="bookTourwithWrongConfirmEmailTest" duration-ms="5056" started-at="2019-08-31T15:39:06Z" finished-at="2019-08-31T15:39:11Z">
          <reporter-output>
          </reporter-output>
        </test-method> <!-- bookTourwithWrongConfirmEmailTest -->
        <test-method status="PASS" signature="setup()[pri:0, instance:application.TourTest@c038203]" name="setup" is-config="true" duration-ms="9" started-at="2019-08-31T15:39:11Z" finished-at="2019-08-31T15:39:11Z">
          <reporter-output>
          </reporter-output>
        </test-method> <!-- setup -->
        <test-method status="PASS" signature="bookTourwithoutConfirmEmailTest()[pri:3, instance:application.TourTest@c038203]" name="bookTourwithoutConfirmEmailTest" duration-ms="5110" started-at="2019-08-31T15:39:11Z" finished-at="2019-08-31T15:39:16Z">
          <reporter-output>
          </reporter-output>
        </test-method> <!-- bookTourwithoutConfirmEmailTest -->
        <test-method status="PASS" signature="setup()[pri:0, instance:application.TourTest@c038203]" name="setup" is-config="true" duration-ms="14" started-at="2019-08-31T15:39:16Z" finished-at="2019-08-31T15:39:16Z">
          <reporter-output>
          </reporter-output>
        </test-method> <!-- setup -->
        <test-method status="PASS" signature="bookTourwithoutEmailTest()[pri:3, instance:application.TourTest@c038203]" name="bookTourwithoutEmailTest" duration-ms="9238" started-at="2019-08-31T15:39:16Z" finished-at="2019-08-31T15:39:25Z">
          <reporter-output>
          </reporter-output>
        </test-method> <!-- bookTourwithoutEmailTest -->
        <test-method status="PASS" signature="setup()[pri:0, instance:application.TourTest@c038203]" name="setup" is-config="true" duration-ms="2" started-at="2019-08-31T15:39:25Z" finished-at="2019-08-31T15:39:25Z">
          <reporter-output>
          </reporter-output>
        </test-method> <!-- setup -->
        <test-method status="PASS" signature="bookTourwithoutLasttNameTest()[pri:3, instance:application.TourTest@c038203]" name="bookTourwithoutLasttNameTest" duration-ms="5404" started-at="2019-08-31T15:39:25Z" finished-at="2019-08-31T15:39:31Z">
          <reporter-output>
          </reporter-output>
        </test-method> <!-- bookTourwithoutLasttNameTest -->
        <test-method status="PASS" signature="setup()[pri:0, instance:application.TourTest@c038203]" name="setup" is-config="true" duration-ms="5" started-at="2019-08-31T15:39:31Z" finished-at="2019-08-31T15:39:31Z">
          <reporter-output>
          </reporter-output>
        </test-method> <!-- setup -->
        <test-method status="PASS" signature="bookTourSuccessfully()[pri:4, instance:application.TourTest@c038203]" name="bookTourSuccessfully" duration-ms="9287" started-at="2019-08-31T15:39:31Z" finished-at="2019-08-31T15:39:40Z">
          <reporter-output>
          </reporter-output>
        </test-method> <!-- bookTourSuccessfully -->
        <test-method status="PASS" signature="TearDown()[pri:0, instance:application.TourTest@c038203]" name="TearDown" is-config="true" duration-ms="10275" started-at="2019-08-31T15:39:40Z" finished-at="2019-08-31T15:39:50Z">
          <reporter-output>
          </reporter-output>
        </test-method> <!-- TearDown -->
      </class> <!-- application.TourTest -->
    </test> <!-- Tour Test -->
    <test name="Hotel Booking Test" duration-ms="78215" started-at="2019-08-31T09:39:51Z" finished-at="2019-08-31T09:41:09Z">
      <class name="application.HotelBookingTest">
        <test-method status="PASS" signature="invokeBrowser()[pri:0, instance:application.HotelBookingTest@475530b9]" name="invokeBrowser" is-config="true" duration-ms="24835" started-at="2019-08-31T15:39:51Z" finished-at="2019-08-31T15:40:15Z">
          <reporter-output>
          </reporter-output>
        </test-method> <!-- invokeBrowser -->
        <test-method status="PASS" signature="setup()[pri:0, instance:application.HotelBookingTest@475530b9]" name="setup" is-config="true" duration-ms="5" started-at="2019-08-31T15:40:15Z" finished-at="2019-08-31T15:40:15Z">
          <reporter-output>
          </reporter-output>
        </test-method> <!-- setup -->
        <test-method status="PASS" signature="searchHotel()[pri:0, instance:application.HotelBookingTest@475530b9]" name="searchHotel" duration-ms="43105" started-at="2019-08-31T15:40:15Z" finished-at="2019-08-31T15:40:58Z">
          <reporter-output>
          </reporter-output>
        </test-method> <!-- searchHotel -->
        <test-method status="PASS" signature="setup()[pri:0, instance:application.HotelBookingTest@475530b9]" name="setup" is-config="true" duration-ms="11" started-at="2019-08-31T15:40:58Z" finished-at="2019-08-31T15:40:58Z">
          <reporter-output>
          </reporter-output>
        </test-method> <!-- setup -->
        <test-method status="PASS" signature="selectHotel()[pri:1, instance:application.HotelBookingTest@475530b9]" name="selectHotel" duration-ms="4889" started-at="2019-08-31T15:40:58Z" finished-at="2019-08-31T15:41:03Z">
          <reporter-output>
          </reporter-output>
        </test-method> <!-- selectHotel -->
        <test-method status="PASS" signature="setup()[pri:0, instance:application.HotelBookingTest@475530b9]" name="setup" is-config="true" duration-ms="7" started-at="2019-08-31T15:41:03Z" finished-at="2019-08-31T15:41:03Z">
          <reporter-output>
          </reporter-output>
        </test-method> <!-- setup -->
        <test-method status="PASS" signature="bookHotel()[pri:2, instance:application.HotelBookingTest@475530b9]" name="bookHotel" duration-ms="5204" started-at="2019-08-31T15:41:03Z" finished-at="2019-08-31T15:41:09Z">
          <reporter-output>
          </reporter-output>
        </test-method> <!-- bookHotel -->
        <test-method status="PASS" signature="tearDown()[pri:0, instance:application.HotelBookingTest@475530b9]" name="tearDown" is-config="true" duration-ms="147" started-at="2019-08-31T15:41:09Z" finished-at="2019-08-31T15:41:09Z">
          <reporter-output>
          </reporter-output>
        </test-method> <!-- tearDown -->
      </class> <!-- application.HotelBookingTest -->
    </test> <!-- Hotel Booking Test -->
  </suite> <!-- PHP Travels Suite -->
</testng-results>
