<?xml version="1.0" encoding="UTF-8"?>
<testng-results skipped="0" failed="0" total="1" passed="1">
  <reporter-output>
  </reporter-output>
  <suite name="Default suite" duration-ms="28100" started-at="2019-08-28T18:59:05Z" finished-at="2019-08-28T18:59:33Z">
    <groups>
    </groups>
    <test name="Default test" duration-ms="28100" started-at="2019-08-28T18:59:05Z" finished-at="2019-08-28T18:59:33Z">
      <class name="application.SignUpTest">
        <test-method status="PASS" signature="setup()[pri:0, instance:application.SignUpTest@6cc4c815]" name="setup" is-config="true" duration-ms="27711" started-at="2019-08-29T00:59:05Z" finished-at="2019-08-29T00:59:33Z">
          <reporter-output>
          </reporter-output>
        </test-method> <!-- setup -->
        <test-method status="PASS" signature="noInputTest()[pri:0, instance:application.SignUpTest@6cc4c815]" name="noInputTest" duration-ms="356" started-at="2019-08-29T00:59:33Z" finished-at="2019-08-29T00:59:33Z">
          <reporter-output>
          </reporter-output>
        </test-method> <!-- noInputTest -->
        <test-method status="PASS" signature="tearDown()[pri:0, instance:application.SignUpTest@6cc4c815]" name="tearDown" is-config="true" duration-ms="1" started-at="2019-08-29T00:59:33Z" finished-at="2019-08-29T00:59:33Z">
          <reporter-output>
          </reporter-output>
        </test-method> <!-- tearDown -->
      </class> <!-- application.SignUpTest -->
    </test> <!-- Default test -->
  </suite> <!-- Default suite -->
</testng-results>
