<?xml version="1.0" encoding="UTF-8"?>
<!-- Generated by org.testng.reporters.JUnitXMLReporter -->
<testsuite hostname="DESKTOP-2NB5M8O" name="Hotel Booking Test" tests="3" failures="0" timestamp="31 Aug 2019 09:41:09 GMT" time="78.215" errors="0">
  <testcase name="searchHotel" time="43.105" classname="application.HotelBookingTest"/>
  <testcase name="selectHotel" time="4.889" classname="application.HotelBookingTest"/>
  <testcase name="bookHotel" time="5.204" classname="application.HotelBookingTest"/>
</testsuite> <!-- Hotel Booking Test -->
