<?xml version="1.0" encoding="UTF-8"?>
<!-- Generated by org.testng.reporters.JUnitXMLReporter -->
<testsuite hostname="DESKTOP-2NB5M8O" name="Hotel Booking Test" tests="3" failures="0" timestamp="31 Aug 2019 13:03:14 GMT" time="67.112" errors="0">
  <testcase name="searchHotel" time="37.416" classname="application.HotelBookingTest"/>
  <testcase name="selectHotel" time="4.223" classname="application.HotelBookingTest"/>
  <testcase name="bookHotel" time="4.794" classname="application.HotelBookingTest"/>
</testsuite> <!-- Hotel Booking Test -->
