<?xml version="1.0" encoding="UTF-8"?>
<!-- Generated by org.testng.reporters.JUnitXMLReporter -->
<testsuite hostname="DESKTOP-2NB5M8O" name="Tour Test" tests="9" failures="0" timestamp="31 Aug 2019 12:37:30 GMT" time="115.008" errors="0">
  <testcase name="searchTourTest" time="28.405" classname="application.TourTest"/>
  <testcase name="reviewTour" time="1.793" classname="application.TourTest"/>
  <testcase name="bookTourwithoutFirstNameTest" time="25.432" classname="application.TourTest"/>
  <testcase name="bookTourwithInvalidEmailTest" time="3.42" classname="application.TourTest"/>
  <testcase name="bookTourwithWrongConfirmEmailTest" time="3.968" classname="application.TourTest"/>
  <testcase name="bookTourwithoutConfirmEmailTest" time="3.642" classname="application.TourTest"/>
  <testcase name="bookTourwithoutEmailTest" time="3.634" classname="application.TourTest"/>
  <testcase name="bookTourwithoutLasttNameTest" time="4.935" classname="application.TourTest"/>
  <testcase name="bookTourSuccessfully" time="8.427" classname="application.TourTest"/>
</testsuite> <!-- Tour Test -->
