<?xml version="1.0" encoding="UTF-8"?>
<!-- Generated by org.testng.reporters.JUnitXMLReporter -->
<testsuite hostname="DESKTOP-2NB5M8O" name="Tour Test" tests="9" failures="0" timestamp="31 Aug 2019 13:02:06 GMT" time="77.471" errors="0">
  <testcase name="searchTourTest" time="10.851" classname="application.TourTest"/>
  <testcase name="reviewTour" time="1.897" classname="application.TourTest"/>
  <testcase name="bookTourwithoutFirstNameTest" time="6.38" classname="application.TourTest"/>
  <testcase name="bookTourwithInvalidEmailTest" time="3.878" classname="application.TourTest"/>
  <testcase name="bookTourwithWrongConfirmEmailTest" time="3.684" classname="application.TourTest"/>
  <testcase name="bookTourwithoutConfirmEmailTest" time="3.447" classname="application.TourTest"/>
  <testcase name="bookTourwithoutEmailTest" time="3.434" classname="application.TourTest"/>
  <testcase name="bookTourwithoutLasttNameTest" time="4.525" classname="application.TourTest"/>
  <testcase name="bookTourSuccessfully" time="7.658" classname="application.TourTest"/>
</testsuite> <!-- Tour Test -->
